<?xml version="1.0" encoding="UTF-8"?>
<!-- Generated by org.testng.reporters.JUnitReportReporter -->
<testsuite hostname="Guru" failures="0" tests="1" name="TestNG.Excel_TestNG_WebDriver" time="3.534" errors="0" timestamp="29 Mar 2023 11:59:53 GMT">
  <testcase classname="TestNG.Excel_TestNG_WebDriver" name="login_Logout" time="3.534"/>
</testsuite> <!-- TestNG.Excel_TestNG_WebDriver -->
