<?xml version="1.0" encoding="UTF-8"?>
<!-- Generated by org.testng.reporters.JUnitReportReporter -->
<testsuite hostname="Guru" failures="0" tests="1" name="TestNG.TestNG_WebDriver" time="7.954" errors="0" timestamp="29 Mar 2023 05:26:57 GMT">
  <testcase classname="TestNG.TestNG_WebDriver" name="tc001" time="7.954"/>
</testsuite> <!-- TestNG.TestNG_WebDriver -->
