<?xml version="1.0" encoding="UTF-8"?>
<!-- Generated by org.testng.reporters.JUnitReportReporter -->
<testsuite hostname="Guru" failures="0" tests="1" name="com.hrms.AScripts.TC001" time="12.204" errors="0" timestamp="1 Apr 2023 06:11:43 GMT">
  <testcase classname="com.hrms.AScripts.TC001" name="tc001" time="12.204"/>
</testsuite> <!-- com.hrms.AScripts.TC001 -->
