<?xml version="1.0" encoding="UTF-8"?>
<!-- Generated by org.testng.reporters.JUnitReportReporter -->
<testsuite hostname="Guru" failures="0" tests="2" name="TestNG.TestNG_1" time="0.008" errors="0" timestamp="27 Mar 2023 09:53:46 GMT">
  <testcase classname="TestNG.TestNG_1" name="deleteEmp" time="0.001"/>
  <testcase classname="TestNG.TestNG_1" name="addEmp" time="0.007"/>
</testsuite> <!-- TestNG.TestNG_1 -->
