<?xml version="1.0" encoding="UTF-8"?>
<!-- Generated by org.testng.reporters.JUnitReportReporter -->
<testsuite hostname="Guru" failures="0" tests="1" name="com.hrms.AScripts.TC002_AddEmp" time="25.059" errors="0" timestamp="1 Apr 2023 06:05:54 GMT">
  <testcase classname="com.hrms.AScripts.TC002_AddEmp" name="addEmp" time="25.059"/>
</testsuite> <!-- com.hrms.AScripts.TC002_AddEmp -->
